Figwheel: focusing on build-ids (bookof5rinds)
[0mCompiling "public/js/bookof5rinds.js" from ["cljs/bookof5rinds"]...
[32mSuccessfully compiled "public/js/bookof5rinds.js" in 6.422 seconds.[0m
notifying browser that file changed:  public/js/out/goog/deps.js
notifying browser that file changed:  public/js/out/cljs_deps.js
notifying browser that file changed:  \bookof5rinds\core.js
[0mCompiling "public/js/bookof5rinds.js" from ["cljs/bookof5rinds"]...
[32mSuccessfully compiled "public/js/bookof5rinds.js" in 0.136 seconds.[0m
notifying browser that file changed:  \bookof5rinds\core.js
Figwheel: focusing on build-ids (build_needs_id_910)
[0mCompiling "target/classes/public/app.js" from ["src" "dev"]...
[32mSuccessfully compiled "target/classes/public/app.js" in 0.198 seconds.[0m
notifying browser that file changed:  target/classes/public/app.js
notifying browser that file changed:  target/classes/public/out/goog/deps.js
notifying browser that file changed:  \p3r50na\apps\bookof5rinds\client.js
[0mCompiling "target/classes/public/app.js" from ["src" "dev"]...
[32mSuccessfully compiled "target/classes/public/app.js" in 0.208 seconds.[0m
notifying browser that file changed:  target/classes/public/app.js
[0mCompiling "target/classes/public/app.js" from ["src" "dev"]...
[32mSuccessfully compiled "target/classes/public/app.js" in 0.126 seconds.[0m
[0mCompiling "target/classes/public/app.js" from ["src" "dev"]...
[31mCompiling "target/classes/public/app.js" failed.[0m
clojure.lang.Compiler$CompilerException: java.lang.RuntimeException: Unable to resolve symbol: resources in this context, compiling:(\p3r50na\apps\bookof5rinds\core.clj:38:5)
 at clojure.lang.Compiler.analyze (Compiler.java:6543)
    clojure.lang.Compiler.analyze (Compiler.java:6485)
    clojure.lang.Compiler$InvokeExpr.parse (Compiler.java:3737)
    clojure.lang.Compiler.analyzeSeq (Compiler.java:6725)
    clojure.lang.Compiler.analyze (Compiler.java:6524)
    clojure.lang.Compiler.analyze (Compiler.java:6485)
    clojure.lang.Compiler$InvokeExpr.parse (Compiler.java:3791)
    clojure.lang.Compiler.analyzeSeq (Compiler.java:6725)
    clojure.lang.Compiler.analyze (Compiler.java:6524)
    clojure.lang.Compiler.analyze (Compiler.java:6485)
    clojure.lang.Compiler$BodyExpr$Parser.parse (Compiler.java:5861)
    clojure.lang.Compiler$FnMethod.parse (Compiler.java:5296)
    clojure.lang.Compiler$FnExpr.parse (Compiler.java:3925)
    clojure.lang.Compiler.analyzeSeq (Compiler.java:6721)
    clojure.lang.Compiler.analyze (Compiler.java:6524)
    clojure.lang.Compiler.analyzeSeq (Compiler.java:6711)
    clojure.lang.Compiler.analyze (Compiler.java:6524)
    clojure.lang.Compiler.access$300 (Compiler.java:38)
    clojure.lang.Compiler$DefExpr$Parser.parse (Compiler.java:577)
    clojure.lang.Compiler.analyzeSeq (Compiler.java:6723)
    clojure.lang.Compiler.analyze (Compiler.java:6524)
    clojure.lang.Compiler.analyze (Compiler.java:6485)
    clojure.lang.Compiler.eval (Compiler.java:6786)
    clojure.lang.Compiler.load (Compiler.java:7227)
    clojure.lang.RT.loadResourceScript (RT.java:371)
    clojure.lang.RT.loadResourceScript (RT.java:362)
    clojure.lang.RT.load (RT.java:446)
    clojure.lang.RT.load (RT.java:412)
    clojure.core$load$fn__5448.invoke (core.clj:5866)
    clojure.core$load.doInvoke (core.clj:5865)
[0mCompiling "target/classes/public/app.js" from ["src" "dev"]...
[32mSuccessfully compiled "target/classes/public/app.js" in 0.153 seconds.[0m
[0mCompiling "target/classes/public/app.js" from ["src" "dev"]...
[32mSuccessfully compiled "target/classes/public/app.js" in 0.122 seconds.[0m
[0mCompiling "target/classes/public/app.js" from ["src" "dev"]...
[32mSuccessfully compiled "target/classes/public/app.js" in 0.134 seconds.[0m
[0mCompiling "target/classes/public/app.js" from ["src" "dev"]...
[32mSuccessfully compiled "target/classes/public/app.js" in 0.145 seconds.[0m
[0mCompiling "target/classes/public/app.js" from ["src" "dev"]...
[32mSuccessfully compiled "target/classes/public/app.js" in 0.118 seconds.[0m
[0mCompiling "target/classes/public/app.js" from ["src" "dev"]...
[32mSuccessfully compiled "target/classes/public/app.js" in 0.111 seconds.[0m
[0mCompiling "target/classes/public/app.js" from ["src" "dev"]...
[32mSuccessfully compiled "target/classes/public/app.js" in 0.147 seconds.[0m
[0mCompiling "target/classes/public/app.js" from ["src" "dev"]...
[31mCompiling "target/classes/public/app.js" failed.[0m
clojure.lang.Compiler$CompilerException: java.lang.RuntimeException: Unable to resolve symbol: resources in this context, compiling:(\p3r50na\core.clj:32:3)
 at clojure.lang.Compiler.analyze (Compiler.java:6543)
    clojure.lang.Compiler.analyze (Compiler.java:6485)
    clojure.lang.Compiler$InvokeExpr.parse (Compiler.java:3737)
    clojure.lang.Compiler.analyzeSeq (Compiler.java:6725)
    clojure.lang.Compiler.analyze (Compiler.java:6524)
    clojure.lang.Compiler.analyze (Compiler.java:6485)
    clojure.lang.Compiler$InvokeExpr.parse (Compiler.java:3791)
    clojure.lang.Compiler.analyzeSeq (Compiler.java:6725)
    clojure.lang.Compiler.analyze (Compiler.java:6524)
    clojure.lang.Compiler.access$300 (Compiler.java:38)
    clojure.lang.Compiler$DefExpr$Parser.parse (Compiler.java:577)
    clojure.lang.Compiler.analyzeSeq (Compiler.java:6723)
    clojure.lang.Compiler.analyze (Compiler.java:6524)
    clojure.lang.Compiler.analyze (Compiler.java:6485)
    clojure.lang.Compiler.eval (Compiler.java:6786)
    clojure.lang.Compiler.load (Compiler.java:7227)
    clojure.lang.RT.loadResourceScript (RT.java:371)
    clojure.lang.RT.loadResourceScript (RT.java:362)
    clojure.lang.RT.load (RT.java:446)
    clojure.lang.RT.load (RT.java:412)
    clojure.core$load$fn__5448.invoke (core.clj:5866)
    clojure.core$load.doInvoke (core.clj:5865)
    clojure.lang.RestFn.invoke (RestFn.java:408)
    clojurescript_build.core$reload_lib.invoke (core.clj:46)
    clojurescript_build.core$handle_source_reloading_STAR_.invoke (core.clj:139)
    clojurescript_build.core$handle_source_reloading.invoke (core.clj:145)
    clojurescript_build.core$build_source_paths_STAR_.invoke (core.clj:158)
    figwheel_sidecar.auto_builder$default_build_options$fn__19044.invoke (auto_builder.clj:61)
    figwheel_sidecar.auto_builder$insert_figwheel_connect_script$fn__19090.invoke (auto_builder.clj:201)
    figwheel_sidecar.auto_builder$warning$fn__19041.invoke (auto_builder.clj:57)
[0mCompiling "target/classes/public/app.js" from ["src" "dev"]...
[31mCompiling "target/classes/public/app.js" failed.[0m
clojure.lang.Compiler$CompilerException: java.lang.RuntimeException: Unable to resolve symbol: resources in this context, compiling:(\p3r50na\core.clj:32:3)
 at clojure.lang.Compiler.analyze (Compiler.java:6543)
    clojure.lang.Compiler.analyze (Compiler.java:6485)
    clojure.lang.Compiler$InvokeExpr.parse (Compiler.java:3737)
    clojure.lang.Compiler.analyzeSeq (Compiler.java:6725)
    clojure.lang.Compiler.analyze (Compiler.java:6524)
    clojure.lang.Compiler.analyze (Compiler.java:6485)
    clojure.lang.Compiler$InvokeExpr.parse (Compiler.java:3791)
    clojure.lang.Compiler.analyzeSeq (Compiler.java:6725)
    clojure.lang.Compiler.analyze (Compiler.java:6524)
    clojure.lang.Compiler.access$300 (Compiler.java:38)
    clojure.lang.Compiler$DefExpr$Parser.parse (Compiler.java:577)
    clojure.lang.Compiler.analyzeSeq (Compiler.java:6723)
    clojure.lang.Compiler.analyze (Compiler.java:6524)
    clojure.lang.Compiler.analyze (Compiler.java:6485)
    clojure.lang.Compiler.eval (Compiler.java:6786)
    clojure.lang.Compiler.load (Compiler.java:7227)
    clojure.lang.RT.loadResourceScript (RT.java:371)
    clojure.lang.RT.loadResourceScript (RT.java:362)
    clojure.lang.RT.load (RT.java:446)
    clojure.lang.RT.load (RT.java:412)
    clojure.core$load$fn__5448.invoke (core.clj:5866)
    clojure.core$load.doInvoke (core.clj:5865)
    clojure.lang.RestFn.invoke (RestFn.java:408)
    clojurescript_build.core$reload_lib.invoke (core.clj:46)
    clojurescript_build.core$handle_source_reloading_STAR_.invoke (core.clj:139)
    clojurescript_build.core$handle_source_reloading.invoke (core.clj:145)
    clojurescript_build.core$build_source_paths_STAR_.invoke (core.clj:158)
    figwheel_sidecar.auto_builder$default_build_options$fn__19044.invoke (auto_builder.clj:61)
    figwheel_sidecar.auto_builder$insert_figwheel_connect_script$fn__19090.invoke (auto_builder.clj:201)
    figwheel_sidecar.auto_builder$warning$fn__19041.invoke (auto_builder.clj:57)
[0mCompiling "target/classes/public/app.js" from ["src" "dev"]...
[32mSuccessfully compiled "target/classes/public/app.js" in 0.127 seconds.[0m
Figwheel: focusing on build-ids (build_needs_id_910)
[0mCompiling "target/classes/public/app.js" from ["src" "dev"]...
[32mSuccessfully compiled "target/classes/public/app.js" in 0.856 seconds.[0m
notifying browser that file changed:  target/classes/public/out/goog/deps.js
notifying browser that file changed:  target/classes/public/out/cljs_deps.js
notifying browser that file changed:  \p3r50na\apps\bookof5rinds\client.js
[0mCompiling "target/classes/public/app.js" from ["src" "dev"]...
[32mSuccessfully compiled "target/classes/public/app.js" in 0.204 seconds.[0m
[0mCompiling "target/classes/public/app.js" from ["src" "dev"]...
[32mSuccessfully compiled "target/classes/public/app.js" in 0.154 seconds.[0m
Figwheel: focusing on build-ids (build_needs_id_910)
[0mCompiling "target/classes/public/app.js" from ["src" "dev"]...
[32mSuccessfully compiled "target/classes/public/app.js" in 0.732 seconds.[0m
notifying browser that file changed:  target/classes/public/out/goog/deps.js
notifying browser that file changed:  target/classes/public/out/cljs_deps.js
notifying browser that file changed:  \p3r50na\apps\bookof5rinds\client.js
[0mCompiling "target/classes/public/app.js" from ["src" "dev"]...
[32mSuccessfully compiled "target/classes/public/app.js" in 0.154 seconds.[0m
Figwheel: focusing on build-ids (build_needs_id_910)
[0mCompiling "resources/public/js/app.js" from ["src" "dev"]...
[32mSuccessfully compiled "resources/public/js/app.js" in 0.25 seconds.[0m
notifying browser that file changed:  resources/public/js/out/goog/deps.js
notifying browser that file changed:  resources/public/js/out/cljs_deps.js
notifying browser that file changed:  \p3r50na\apps\bookof5rinds\client.js
[0mCompiling "resources/public/js/app.js" from ["src" "dev"]...
[32mSuccessfully compiled "resources/public/js/app.js" in 0.172 seconds.[0m
[0mCompiling "resources/public/js/app.js" from ["src" "dev"]...
[32mSuccessfully compiled "resources/public/js/app.js" in 0.15 seconds.[0m
Figwheel: focusing on build-ids (build_needs_id_910)
[0mCompiling "resources/public/js/app.js" from ["src" "dev"]...
[32mSuccessfully compiled "resources/public/js/app.js" in 0.753 seconds.[0m
notifying browser that file changed:  resources/public/js/out/goog/deps.js
notifying browser that file changed:  resources/public/js/out/cljs_deps.js
notifying browser that file changed:  \p3r50na\apps\bookof5rinds\client.js
[0mCompiling "resources/public/js/app.js" from ["src" "dev"]...
[32mSuccessfully compiled "resources/public/js/app.js" in 0.241 seconds.[0m
[0mCompiling "resources/public/js/app.js" from ["src" "dev"]...
[32mSuccessfully compiled "resources/public/js/app.js" in 0.188 seconds.[0m
notifying browser that file changed:  resources/public/js/out/cljs_deps.js
notifying browser that file changed:  \p3r50na\apps\bookof5rinds\client.js
[0mCompiling "resources/public/js/app.js" from ["src" "dev"]...
[32mSuccessfully compiled "resources/public/js/app.js" in 0.129 seconds.[0m
notifying browser that file changed:  \p3r50na\apps\bookof5rinds\client.js
[0mCompiling "resources/public/js/app.js" from ["src" "dev"]...
[32mSuccessfully compiled "resources/public/js/app.js" in 0.149 seconds.[0m
notifying browser that file changed:  \p3r50na\apps\bookof5rinds\client.js
[0mCompiling "resources/public/js/app.js" from ["src" "dev"]...
WARNING: Wrong number of args (0) passed to p3r50na.apps.bookof5rinds.client/Rindidates at line 17 src\p3r50na\apps\bookof5rinds\client.cljs
[32mSuccessfully compiled "resources/public/js/app.js" in 0.199 seconds.[0m
notifying browser that file changed:  \p3r50na\apps\bookof5rinds\client.js
[0mCompiling "resources/public/js/app.js" from ["src" "dev"]...
[32mSuccessfully compiled "resources/public/js/app.js" in 0.137 seconds.[0m
notifying browser that file changed:  resources/public/js/out/cljs_deps.js
notifying browser that file changed:  \p3r50na\apps\bookof5rinds\client.js
[0mCompiling "resources/public/js/app.js" from ["src" "dev"]...
[32mSuccessfully compiled "resources/public/js/app.js" in 0.149 seconds.[0m
notifying browser that file changed:  \p3r50na\apps\bookof5rinds\client.js
[0mCompiling "resources/public/js/app.js" from ["src" "dev"]...
[32mSuccessfully compiled "resources/public/js/app.js" in 0.136 seconds.[0m
notifying browser that file changed:  resources/public/js/out/cljs_deps.js
notifying browser that file changed:  \p3r50na\apps\bookof5rinds\client.js
[0mCompiling "resources/public/js/app.js" from ["src" "dev"]...
[32mSuccessfully compiled "resources/public/js/app.js" in 0.149 seconds.[0m
notifying browser that file changed:  \p3r50na\apps\bookof5rinds\client.js
[0mCompiling "resources/public/js/app.js" from ["src" "dev"]...
[32mSuccessfully compiled "resources/public/js/app.js" in 0.212 seconds.[0m
notifying browser that file changed:  resources/public/js/out/cljs_deps.js
notifying browser that file changed:  \p3r50na\apps\bookof5rinds\client.js
[0mCompiling "resources/public/js/app.js" from ["src" "dev"]...
WARNING: Wrong number of args (1) passed to om.core/build at line 18 src\p3r50na\apps\bookof5rinds\client.cljs
[32mSuccessfully compiled "resources/public/js/app.js" in 0.158 seconds.[0m
notifying browser that file changed:  \p3r50na\apps\bookof5rinds\client.js
[0mCompiling "resources/public/js/app.js" from ["src" "dev"]...
[32mSuccessfully compiled "resources/public/js/app.js" in 0.143 seconds.[0m
notifying browser that file changed:  \p3r50na\apps\bookof5rinds\client.js
[0mCompiling "resources/public/js/app.js" from ["src" "dev"]...
[32mSuccessfully compiled "resources/public/js/app.js" in 0.125 seconds.[0m
notifying browser that file changed:  \p3r50na\apps\bookof5rinds\client.js
[0mCompiling "resources/public/js/app.js" from ["src" "dev"]...
[32mSuccessfully compiled "resources/public/js/app.js" in 0.13 seconds.[0m
notifying browser that file changed:  \p3r50na\apps\bookof5rinds\client.js
[0mCompiling "resources/public/js/app.js" from ["src" "dev"]...
[32mSuccessfully compiled "resources/public/js/app.js" in 0.153 seconds.[0m
notifying browser that file changed:  resources/public/js/out/cljs_deps.js
notifying browser that file changed:  \p3r50na\apps\bookof5rinds\client.js
[0mCompiling "resources/public/js/app.js" from ["src" "dev"]...
[32mSuccessfully compiled "resources/public/js/app.js" in 0.113 seconds.[0m
notifying browser that file changed:  resources/public/js/out/cljs_deps.js
notifying browser that file changed:  \p3r50na\apps\bookof5rinds\client.js
[0mCompiling "resources/public/js/app.js" from ["src" "dev"]...
[32mSuccessfully compiled "resources/public/js/app.js" in 0.109 seconds.[0m
notifying browser that file changed:  resources/public/js/out/cljs_deps.js
notifying browser that file changed:  \p3r50na\apps\bookof5rinds\client.js
[0mCompiling "resources/public/js/app.js" from ["src" "dev"]...
[32mSuccessfully compiled "resources/public/js/app.js" in 0.128 seconds.[0m
notifying browser that file changed:  resources/public/js/out/cljs_deps.js
notifying browser that file changed:  \p3r50na\apps\bookof5rinds\client.js
[0mCompiling "resources/public/js/app.js" from ["src" "dev"]...
[32mSuccessfully compiled "resources/public/js/app.js" in 0.116 seconds.[0m
notifying browser that file changed:  \p3r50na\apps\bookof5rinds\client.js
[0mCompiling "resources/public/js/app.js" from ["src" "dev"]...
[32mSuccessfully compiled "resources/public/js/app.js" in 0.127 seconds.[0m
notifying browser that file changed:  \p3r50na\apps\bookof5rinds\client.js
[0mCompiling "resources/public/js/app.js" from ["src" "dev"]...
[32mSuccessfully compiled "resources/public/js/app.js" in 0.118 seconds.[0m
notifying browser that file changed:  \p3r50na\apps\bookof5rinds\client.js
[0mCompiling "resources/public/js/app.js" from ["src" "dev"]...
[31mCompiling "resources/public/js/app.js" failed.[0m
ERROR: Unmatched delimiter ) on file C:\cygwin64\progg\p3r50na\src\p3r50na\apps\bookof5rinds\client.cljs, line 13, column 27
[0mCompiling "resources/public/js/app.js" from ["src" "dev"]...
[32mSuccessfully compiled "resources/public/js/app.js" in 0.132 seconds.[0m
notifying browser that file changed:  resources/public/js/out/cljs_deps.js
notifying browser that file changed:  \p3r50na\apps\bookof5rinds\client.js
[0mCompiling "resources/public/js/app.js" from ["src" "dev"]...
[32mSuccessfully compiled "resources/public/js/app.js" in 0.125 seconds.[0m
notifying browser that file changed:  \p3r50na\apps\bookof5rinds\client.js
[0mCompiling "resources/public/js/app.js" from ["src" "dev"]...
[32mSuccessfully compiled "resources/public/js/app.js" in 0.112 seconds.[0m
notifying browser that file changed:  resources/public/js/out/cljs_deps.js
notifying browser that file changed:  \p3r50na\apps\bookof5rinds\client.js
[0mCompiling "resources/public/js/app.js" from ["src" "dev"]...
[31mCompiling "resources/public/js/app.js" failed.[0m
ERROR: Unmatched delimiter ] on file C:\cygwin64\progg\p3r50na\src\p3r50na\apps\bookof5rinds\client.cljs, line 16, column 10
[0mCompiling "resources/public/js/app.js" from ["src" "dev"]...
[32mSuccessfully compiled "resources/public/js/app.js" in 0.116 seconds.[0m
notifying browser that file changed:  \p3r50na\apps\bookof5rinds\client.js
[0mCompiling "resources/public/js/app.js" from ["src" "dev"]...
[32mSuccessfully compiled "resources/public/js/app.js" in 0.127 seconds.[0m
notifying browser that file changed:  resources/public/js/out/cljs_deps.js
notifying browser that file changed:  \p3r50na\apps\bookof5rinds\client.js
[0mCompiling "resources/public/js/app.js" from ["src" "dev"]...
[32mSuccessfully compiled "resources/public/js/app.js" in 0.121 seconds.[0m
notifying browser that file changed:  \p3r50na\apps\bookof5rinds\client.js
[0mCompiling "resources/public/js/app.js" from ["src" "dev"]...
[32mSuccessfully compiled "resources/public/js/app.js" in 0.109 seconds.[0m
notifying browser that file changed:  \p3r50na\apps\bookof5rinds\client.js
[0mCompiling "resources/public/js/app.js" from ["src" "dev"]...
[32mSuccessfully compiled "resources/public/js/app.js" in 0.118 seconds.[0m
notifying browser that file changed:  \p3r50na\apps\bookof5rinds\client.js
[0mCompiling "resources/public/js/app.js" from ["src" "dev"]...
[32mSuccessfully compiled "resources/public/js/app.js" in 0.137 seconds.[0m
notifying browser that file changed:  \p3r50na\apps\bookof5rinds\client.js
[0mCompiling "resources/public/js/app.js" from ["src" "dev"]...
[31mCompiling "resources/public/js/app.js" failed.[0m
ERROR: EOF while reading, starting at line 7 and column 1 on file C:\cygwin64\progg\p3r50na\src\p3r50na\apps\bookof5rinds\client.cljs, line 23, column 1
[0mCompiling "resources/public/js/app.js" from ["src" "dev"]...
[32mSuccessfully compiled "resources/public/js/app.js" in 0.125 seconds.[0m
notifying browser that file changed:  resources/public/js/out/cljs_deps.js
notifying browser that file changed:  \p3r50na\apps\bookof5rinds\client.js
[0mCompiling "resources/public/js/app.js" from ["src" "dev"]...
[32mSuccessfully compiled "resources/public/js/app.js" in 0.117 seconds.[0m
notifying browser that file changed:  \p3r50na\apps\bookof5rinds\client.js
[0mCompiling "resources/public/js/app.js" from ["src" "dev"]...
[32mSuccessfully compiled "resources/public/js/app.js" in 0.134 seconds.[0m
notifying browser that file changed:  resources/public/js/out/cljs_deps.js
notifying browser that file changed:  \p3r50na\apps\bookof5rinds\client.js
[0mCompiling "resources/public/js/app.js" from ["src" "dev"]...
[32mSuccessfully compiled "resources/public/js/app.js" in 0.111 seconds.[0m
notifying browser that file changed:  resources/public/js/out/cljs_deps.js
notifying browser that file changed:  \p3r50na\apps\bookof5rinds\client.js
[0mCompiling "resources/public/js/app.js" from ["src" "dev"]...
[32mSuccessfully compiled "resources/public/js/app.js" in 0.125 seconds.[0m
notifying browser that file changed:  \p3r50na\apps\bookof5rinds\client.js
[0mCompiling "resources/public/js/app.js" from ["src" "dev"]...
[32mSuccessfully compiled "resources/public/js/app.js" in 0.11 seconds.[0m
notifying browser that file changed:  resources/public/js/out/cljs_deps.js
notifying browser that file changed:  \p3r50na\apps\bookof5rinds\client.js
[0mCompiling "resources/public/js/app.js" from ["src" "dev"]...
[32mSuccessfully compiled "resources/public/js/app.js" in 0.163 seconds.[0m
notifying browser that file changed:  \p3r50na\apps\bookof5rinds\client.js
[0mCompiling "resources/public/js/app.js" from ["src" "dev"]...
[32mSuccessfully compiled "resources/public/js/app.js" in 0.115 seconds.[0m
notifying browser that file changed:  resources/public/js/out/cljs_deps.js
notifying browser that file changed:  \p3r50na\apps\bookof5rinds\client.js
[0mCompiling "resources/public/js/app.js" from ["src" "dev"]...
[32mSuccessfully compiled "resources/public/js/app.js" in 0.126 seconds.[0m
notifying browser that file changed:  \p3r50na\apps\bookof5rinds\client.js
[0mCompiling "resources/public/js/app.js" from ["src" "dev"]...
[32mSuccessfully compiled "resources/public/js/app.js" in 0.172 seconds.[0m
notifying browser that file changed:  resources/public/js/out/cljs_deps.js
notifying browser that file changed:  \p3r50na\apps\bookof5rinds\client.js
Figwheel: focusing on build-ids (build_needs_id_910)
[0mCompiling "resources/public/js/app.js" from ["src" "dev"]...
[32mSuccessfully compiled "resources/public/js/app.js" in 0.677 seconds.[0m
notifying browser that file changed:  resources/public/js/out/goog/deps.js
notifying browser that file changed:  resources/public/js/out/cljs_deps.js
notifying browser that file changed:  \p3r50na\apps\bookof5rinds\client.js
[0mCompiling "resources/public/js/app.js" from ["src" "dev"]...
[32mSuccessfully compiled "resources/public/js/app.js" in 0.162 seconds.[0m
[0mCompiling "resources/public/js/app.js" from ["src" "dev"]...
[32mSuccessfully compiled "resources/public/js/app.js" in 0.211 seconds.[0m
notifying browser that file changed:  \p3r50na\apps\bookof5rinds\client.js
[0mCompiling "resources/public/js/app.js" from ["src" "dev"]...
[32mSuccessfully compiled "resources/public/js/app.js" in 0.151 seconds.[0m
notifying browser that file changed:  resources/public/js/out/cljs_deps.js
notifying browser that file changed:  \p3r50na\apps\bookof5rinds\client.js
[0mCompiling "resources/public/js/app.js" from ["src" "dev"]...
[32mSuccessfully compiled "resources/public/js/app.js" in 0.161 seconds.[0m
notifying browser that file changed:  resources/public/js/out/cljs_deps.js
notifying browser that file changed:  \p3r50na\apps\bookof5rinds\client.js
[0mCompiling "resources/public/js/app.js" from ["src" "dev"]...
[32mSuccessfully compiled "resources/public/js/app.js" in 0.171 seconds.[0m
notifying browser that file changed:  \p3r50na\apps\bookof5rinds\client.js
[0mCompiling "resources/public/js/app.js" from ["src" "dev"]...
[32mSuccessfully compiled "resources/public/js/app.js" in 0.189 seconds.[0m
notifying browser that file changed:  \p3r50na\apps\bookof5rinds\client.js
[0mCompiling "resources/public/js/app.js" from ["src" "dev"]...
[32mSuccessfully compiled "resources/public/js/app.js" in 0.14 seconds.[0m
notifying browser that file changed:  resources/public/js/out/cljs_deps.js
notifying browser that file changed:  \p3r50na\apps\bookof5rinds\client.js
Figwheel: focusing on build-ids (build_needs_id_910)
[0mCompiling "resources/public/js/app.js" from ["src" "dev"]...
[32mSuccessfully compiled "resources/public/js/app.js" in 0.749 seconds.[0m
notifying browser that file changed:  resources/public/js/out/goog/deps.js
notifying browser that file changed:  resources/public/js/out/cljs_deps.js
notifying browser that file changed:  \p3r50na\apps\bookof5rinds\client.js
[0mCompiling "resources/public/js/app.js" from ["src" "dev"]...
[31mCompiling "resources/public/js/app.js" failed.[0m
clojure.lang.ExceptionInfo: :refer must be followed by a sequence of symbols in :require / :require-macros; offending spec: [clojure.async :refer all] at line 1 src\p3r50na\apps\bookof5rinds\client.cljs
 at clojure.core$ex_info.invoke (core.clj:4593)
    cljs.analyzer$error.invoke (analyzer.cljc:535)
    cljs.analyzer$error.invoke (analyzer.cljc:533)
    cljs.analyzer$parse_require_spec.invoke (analyzer.cljc:1744)
    clojure.lang.AFn.applyToHelper (AFn.java:171)
    clojure.lang.AFn.applyTo (AFn.java:144)
    clojure.core$apply.invoke (core.clj:636)
    clojure.core$partial$fn__4533.doInvoke (core.clj:2512)
    clojure.lang.RestFn.invoke (RestFn.java:408)
    clojure.core$map$fn__4553.invoke (core.clj:2624)
    clojure.lang.LazySeq.sval (LazySeq.java:40)
    clojure.lang.LazySeq.seq (LazySeq.java:49)
    clojure.lang.Cons.next (Cons.java:39)
    clojure.lang.RT.next (RT.java:674)
    clojure.core/next (core.clj:64)
    clojure.core$reduce1.invoke (core.clj:909)
    clojure.core$reduce1.invoke (core.clj:900)
    clojure.core$merge_with.doInvoke (core.clj:2936)
    clojure.lang.RestFn.applyTo (RestFn.java:139)
    clojure.core$apply.invoke (core.clj:634)
    cljs.analyzer$eval6884$fn__6886$fn__6891.invoke (analyzer.cljc:1907)
    clojure.core.protocols/fn (protocols.clj:167)
    clojure.core.protocols$fn__6478$G__6473__6487.invoke (protocols.clj:19)
    clojure.core.protocols$seq_reduce.invoke (protocols.clj:31)
    clojure.core.protocols/fn (protocols.clj:101)
    clojure.core.protocols$fn__6452$G__6447__6465.invoke (protocols.clj:13)
    clojure.core$reduce.invoke (core.clj:6519)
    cljs.analyzer$eval6884$fn__6886.invoke (analyzer.cljc:1890)
    clojure.lang.MultiFn.invoke (MultiFn.java:251)
    cljs.analyzer$analyze_seq_STAR_.invoke (analyzer.cljc:2368)
[0mCompiling "resources/public/js/app.js" from ["src" "dev"]...
[31mCompiling "resources/public/js/app.js" failed.[0m
clojure.lang.ExceptionInfo: :refer must be followed by a sequence of symbols in :require / :require-macros; offending spec: [clojure.async :refer :all] at line 1 src\p3r50na\apps\bookof5rinds\client.cljs
 at clojure.core$ex_info.invoke (core.clj:4593)
    cljs.analyzer$error.invoke (analyzer.cljc:535)
    cljs.analyzer$error.invoke (analyzer.cljc:533)
    cljs.analyzer$parse_require_spec.invoke (analyzer.cljc:1744)
    clojure.lang.AFn.applyToHelper (AFn.java:171)
    clojure.lang.AFn.applyTo (AFn.java:144)
    clojure.core$apply.invoke (core.clj:636)
    clojure.core$partial$fn__4533.doInvoke (core.clj:2512)
    clojure.lang.RestFn.invoke (RestFn.java:408)
    clojure.core$map$fn__4553.invoke (core.clj:2624)
    clojure.lang.LazySeq.sval (LazySeq.java:40)
    clojure.lang.LazySeq.seq (LazySeq.java:49)
    clojure.lang.Cons.next (Cons.java:39)
    clojure.lang.RT.next (RT.java:674)
    clojure.core/next (core.clj:64)
    clojure.core$reduce1.invoke (core.clj:909)
    clojure.core$reduce1.invoke (core.clj:900)
    clojure.core$merge_with.doInvoke (core.clj:2936)
    clojure.lang.RestFn.applyTo (RestFn.java:139)
    clojure.core$apply.invoke (core.clj:634)
    cljs.analyzer$eval6884$fn__6886$fn__6891.invoke (analyzer.cljc:1907)
    clojure.core.protocols/fn (protocols.clj:167)
    clojure.core.protocols$fn__6478$G__6473__6487.invoke (protocols.clj:19)
    clojure.core.protocols$seq_reduce.invoke (protocols.clj:31)
    clojure.core.protocols/fn (protocols.clj:101)
    clojure.core.protocols$fn__6452$G__6447__6465.invoke (protocols.clj:13)
    clojure.core$reduce.invoke (core.clj:6519)
    cljs.analyzer$eval6884$fn__6886.invoke (analyzer.cljc:1890)
    clojure.lang.MultiFn.invoke (MultiFn.java:251)
    cljs.analyzer$analyze_seq_STAR_.invoke (analyzer.cljc:2368)
[0mCompiling "resources/public/js/app.js" from ["src" "dev"]...
[31mCompiling "resources/public/js/app.js" failed.[0m
clojure.lang.ExceptionInfo: :refer must be followed by a sequence of symbols in :require / :require-macros; offending spec: [clojure.async :refer :all] at line 1 src\p3r50na\apps\bookof5rinds\client.cljs
 at clojure.core$ex_info.invoke (core.clj:4593)
    cljs.analyzer$error.invoke (analyzer.cljc:535)
    cljs.analyzer$error.invoke (analyzer.cljc:533)
    cljs.analyzer$parse_require_spec.invoke (analyzer.cljc:1744)
    clojure.lang.AFn.applyToHelper (AFn.java:171)
    clojure.lang.AFn.applyTo (AFn.java:144)
    clojure.core$apply.invoke (core.clj:636)
    clojure.core$partial$fn__4533.doInvoke (core.clj:2512)
    clojure.lang.RestFn.invoke (RestFn.java:408)
    clojure.core$map$fn__4553.invoke (core.clj:2624)
    clojure.lang.LazySeq.sval (LazySeq.java:40)
    clojure.lang.LazySeq.seq (LazySeq.java:49)
    clojure.lang.Cons.next (Cons.java:39)
    clojure.lang.RT.next (RT.java:674)
    clojure.core/next (core.clj:64)
    clojure.core$reduce1.invoke (core.clj:909)
    clojure.core$reduce1.invoke (core.clj:900)
    clojure.core$merge_with.doInvoke (core.clj:2936)
    clojure.lang.RestFn.applyTo (RestFn.java:139)
    clojure.core$apply.invoke (core.clj:634)
    cljs.analyzer$eval6884$fn__6886$fn__6891.invoke (analyzer.cljc:1907)
    clojure.core.protocols/fn (protocols.clj:167)
    clojure.core.protocols$fn__6478$G__6473__6487.invoke (protocols.clj:19)
    clojure.core.protocols$seq_reduce.invoke (protocols.clj:31)
    clojure.core.protocols/fn (protocols.clj:101)
    clojure.core.protocols$fn__6452$G__6447__6465.invoke (protocols.clj:13)
    clojure.core$reduce.invoke (core.clj:6519)
    cljs.analyzer$eval6884$fn__6886.invoke (analyzer.cljc:1890)
    clojure.lang.MultiFn.invoke (MultiFn.java:251)
    cljs.analyzer$analyze_seq_STAR_.invoke (analyzer.cljc:2368)
[0mCompiling "resources/public/js/app.js" from ["src" "dev"]...
[31mCompiling "resources/public/js/app.js" failed.[0m
clojure.lang.ExceptionInfo: failed compiling file:src\p3r50na\apps\bookof5rinds\client.cljs
 at clojure.core$ex_info.invoke (core.clj:4593)
    cljs.compiler$compile_file$fn__8153.invoke (compiler.cljc:1254)
    cljs.compiler$compile_file.invoke (compiler.cljc:1216)
    cljs.compiler$compile_root.invoke (compiler.cljc:1291)
    cljs.closure$compile_dir.invoke (closure.clj:438)
    cljs.closure$eval8596$fn__8597.invoke (closure.clj:478)
    cljs.closure$eval8548$fn__8549$G__8539__8556.invoke (closure.clj:383)
    cljs.closure$eval8609$fn__8610.invoke (closure.clj:492)
    cljs.closure$eval8548$fn__8549$G__8539__8556.invoke (closure.clj:383)
    clojurescript_build.core.CompilableSourcePaths/fn (core.clj:20)
    clojure.lang.PersistentVector.reduce (PersistentVector.java:333)
    clojure.core$reduce.invoke (core.clj:6518)
    clojurescript_build.core.CompilableSourcePaths._compile (core.clj:19)
    cljs.closure$build.invoke (closure.clj:1671)
    clojurescript_build.core$build_source_paths_STAR_.invoke (core.clj:160)
    figwheel_sidecar.auto_builder$default_build_options$fn__18999.invoke (auto_builder.clj:61)
    figwheel_sidecar.auto_builder$insert_figwheel_connect_script$fn__19045.invoke (auto_builder.clj:201)
    figwheel_sidecar.auto_builder$warning$fn__18996.invoke (auto_builder.clj:57)
    clojurescript_build.auto$time_build$fn__18799.invoke (auto.clj:56)
    clojurescript_build.auto$after$fn__18805.invoke (auto.clj:65)
    clojurescript_build.auto$after$fn__18805.invoke (auto.clj:65)
    clojurescript_build.auto$error$fn__18808.invoke (auto.clj:72)
    clojurescript_build.auto$before$fn__18802.invoke (auto.clj:61)
    clojurescript_build.auto$make_conditional_builder$fn__18820.invoke (auto.clj:104)
    clojure.core$mapv$fn__6727.invoke (core.clj:6616)
    clojure.lang.PersistentVector.reduce (PersistentVector.java:333)
    clojure.core$reduce.invoke (core.clj:6518)
    clojure.core$mapv.invoke (core.clj:6616)
    clojurescript_build.auto$autobuild_STAR_$fn__18906$state_machine__14360__auto____18907$fn__18912.invoke (auto.clj:187)
    clojurescript_build.auto$autobuild_STAR_$fn__18906$state_machine__14360__auto____18907.invoke (auto.clj:178)
[0mCompiling "resources/public/js/app.js" from ["src" "dev"]...
[31mCompiling "resources/public/js/app.js" failed.[0m
clojure.lang.ExceptionInfo: failed compiling file:src\p3r50na\apps\bookof5rinds\client.cljs
 at clojure.core$ex_info.invoke (core.clj:4593)
    cljs.compiler$compile_file$fn__8153.invoke (compiler.cljc:1254)
    cljs.compiler$compile_file.invoke (compiler.cljc:1216)
    cljs.compiler$compile_root.invoke (compiler.cljc:1291)
    cljs.closure$compile_dir.invoke (closure.clj:438)
    cljs.closure$eval8596$fn__8597.invoke (closure.clj:478)
    cljs.closure$eval8548$fn__8549$G__8539__8556.invoke (closure.clj:383)
    cljs.closure$eval8609$fn__8610.invoke (closure.clj:492)
    cljs.closure$eval8548$fn__8549$G__8539__8556.invoke (closure.clj:383)
    clojurescript_build.core.CompilableSourcePaths/fn (core.clj:20)
    clojure.lang.PersistentVector.reduce (PersistentVector.java:333)
    clojure.core$reduce.invoke (core.clj:6518)
    clojurescript_build.core.CompilableSourcePaths._compile (core.clj:19)
    cljs.closure$build.invoke (closure.clj:1671)
    clojurescript_build.core$build_source_paths_STAR_.invoke (core.clj:160)
    figwheel_sidecar.auto_builder$default_build_options$fn__18999.invoke (auto_builder.clj:61)
    figwheel_sidecar.auto_builder$insert_figwheel_connect_script$fn__19045.invoke (auto_builder.clj:201)
    figwheel_sidecar.auto_builder$warning$fn__18996.invoke (auto_builder.clj:57)
    clojurescript_build.auto$time_build$fn__18799.invoke (auto.clj:56)
    clojurescript_build.auto$after$fn__18805.invoke (auto.clj:65)
    clojurescript_build.auto$after$fn__18805.invoke (auto.clj:65)
    clojurescript_build.auto$error$fn__18808.invoke (auto.clj:72)
    clojurescript_build.auto$before$fn__18802.invoke (auto.clj:61)
    clojurescript_build.auto$make_conditional_builder$fn__18820.invoke (auto.clj:104)
    clojure.core$mapv$fn__6727.invoke (core.clj:6616)
    clojure.lang.PersistentVector.reduce (PersistentVector.java:333)
    clojure.core$reduce.invoke (core.clj:6518)
    clojure.core$mapv.invoke (core.clj:6616)
    clojurescript_build.auto$autobuild_STAR_$fn__18906$state_machine__14360__auto____18907$fn__18912.invoke (auto.clj:187)
    clojurescript_build.auto$autobuild_STAR_$fn__18906$state_machine__14360__auto____18907.invoke (auto.clj:178)
[0mCompiling "resources/public/js/app.js" from ["src" "dev"]...
[31mCompiling "resources/public/js/app.js" failed.[0m
clojure.lang.ExceptionInfo: failed compiling file:src\p3r50na\apps\bookof5rinds\client.cljs
 at clojure.core$ex_info.invoke (core.clj:4593)
    cljs.compiler$compile_file$fn__8153.invoke (compiler.cljc:1254)
    cljs.compiler$compile_file.invoke (compiler.cljc:1216)
    cljs.compiler$compile_root.invoke (compiler.cljc:1291)
    cljs.closure$compile_dir.invoke (closure.clj:438)
    cljs.closure$eval8596$fn__8597.invoke (closure.clj:478)
    cljs.closure$eval8548$fn__8549$G__8539__8556.invoke (closure.clj:383)
    cljs.closure$eval8609$fn__8610.invoke (closure.clj:492)
    cljs.closure$eval8548$fn__8549$G__8539__8556.invoke (closure.clj:383)
    clojurescript_build.core.CompilableSourcePaths/fn (core.clj:20)
    clojure.lang.PersistentVector.reduce (PersistentVector.java:333)
    clojure.core$reduce.invoke (core.clj:6518)
    clojurescript_build.core.CompilableSourcePaths._compile (core.clj:19)
    cljs.closure$build.invoke (closure.clj:1671)
    clojurescript_build.core$build_source_paths_STAR_.invoke (core.clj:160)
    figwheel_sidecar.auto_builder$default_build_options$fn__18999.invoke (auto_builder.clj:61)
    figwheel_sidecar.auto_builder$insert_figwheel_connect_script$fn__19045.invoke (auto_builder.clj:201)
    figwheel_sidecar.auto_builder$warning$fn__18996.invoke (auto_builder.clj:57)
    clojurescript_build.auto$time_build$fn__18799.invoke (auto.clj:56)
    clojurescript_build.auto$after$fn__18805.invoke (auto.clj:65)
    clojurescript_build.auto$after$fn__18805.invoke (auto.clj:65)
    clojurescript_build.auto$error$fn__18808.invoke (auto.clj:72)
    clojurescript_build.auto$before$fn__18802.invoke (auto.clj:61)
    clojurescript_build.auto$make_conditional_builder$fn__18820.invoke (auto.clj:104)
    clojure.core$mapv$fn__6727.invoke (core.clj:6616)
    clojure.lang.PersistentVector.reduce (PersistentVector.java:333)
    clojure.core$reduce.invoke (core.clj:6518)
    clojure.core$mapv.invoke (core.clj:6616)
    clojurescript_build.auto$autobuild_STAR_$fn__18906$state_machine__14360__auto____18907$fn__18912.invoke (auto.clj:187)
    clojurescript_build.auto$autobuild_STAR_$fn__18906$state_machine__14360__auto____18907.invoke (auto.clj:178)
[0mCompiling "resources/public/js/app.js" from ["src" "dev"]...
[31mCompiling "resources/public/js/app.js" failed.[0m
clojure.lang.ExceptionInfo: failed compiling file:src\p3r50na\apps\bookof5rinds\client.cljs
 at clojure.core$ex_info.invoke (core.clj:4593)
    cljs.compiler$compile_file$fn__8153.invoke (compiler.cljc:1254)
    cljs.compiler$compile_file.invoke (compiler.cljc:1216)
    cljs.compiler$compile_root.invoke (compiler.cljc:1291)
    cljs.closure$compile_dir.invoke (closure.clj:438)
    cljs.closure$eval8596$fn__8597.invoke (closure.clj:478)
    cljs.closure$eval8548$fn__8549$G__8539__8556.invoke (closure.clj:383)
    cljs.closure$eval8609$fn__8610.invoke (closure.clj:492)
    cljs.closure$eval8548$fn__8549$G__8539__8556.invoke (closure.clj:383)
    clojurescript_build.core.CompilableSourcePaths/fn (core.clj:20)
    clojure.lang.PersistentVector.reduce (PersistentVector.java:333)
    clojure.core$reduce.invoke (core.clj:6518)
    clojurescript_build.core.CompilableSourcePaths._compile (core.clj:19)
    cljs.closure$build.invoke (closure.clj:1671)
    clojurescript_build.core$build_source_paths_STAR_.invoke (core.clj:160)
    figwheel_sidecar.auto_builder$default_build_options$fn__18999.invoke (auto_builder.clj:61)
    figwheel_sidecar.auto_builder$insert_figwheel_connect_script$fn__19045.invoke (auto_builder.clj:201)
    figwheel_sidecar.auto_builder$warning$fn__18996.invoke (auto_builder.clj:57)
    clojurescript_build.auto$time_build$fn__18799.invoke (auto.clj:56)
    clojurescript_build.auto$after$fn__18805.invoke (auto.clj:65)
    clojurescript_build.auto$after$fn__18805.invoke (auto.clj:65)
    clojurescript_build.auto$error$fn__18808.invoke (auto.clj:72)
    clojurescript_build.auto$before$fn__18802.invoke (auto.clj:61)
    clojurescript_build.auto$make_conditional_builder$fn__18820.invoke (auto.clj:104)
    clojure.core$mapv$fn__6727.invoke (core.clj:6616)
    clojure.lang.PersistentVector.reduce (PersistentVector.java:333)
    clojure.core$reduce.invoke (core.clj:6518)
    clojure.core$mapv.invoke (core.clj:6616)
    clojurescript_build.auto$autobuild_STAR_$fn__18906$state_machine__14360__auto____18907$fn__18912.invoke (auto.clj:187)
    clojurescript_build.auto$autobuild_STAR_$fn__18906$state_machine__14360__auto____18907.invoke (auto.clj:178)
[0mCompiling "resources/public/js/app.js" from ["src" "dev"]...
[31mCompiling "resources/public/js/app.js" failed.[0m
clojure.lang.ExceptionInfo: failed compiling file:src\p3r50na\apps\bookof5rinds\client.cljs
 at clojure.core$ex_info.invoke (core.clj:4593)
    cljs.compiler$compile_file$fn__8153.invoke (compiler.cljc:1254)
    cljs.compiler$compile_file.invoke (compiler.cljc:1216)
    cljs.compiler$compile_root.invoke (compiler.cljc:1291)
    cljs.closure$compile_dir.invoke (closure.clj:438)
    cljs.closure$eval8596$fn__8597.invoke (closure.clj:478)
    cljs.closure$eval8548$fn__8549$G__8539__8556.invoke (closure.clj:383)
    cljs.closure$eval8609$fn__8610.invoke (closure.clj:492)
    cljs.closure$eval8548$fn__8549$G__8539__8556.invoke (closure.clj:383)
    clojurescript_build.core.CompilableSourcePaths/fn (core.clj:20)
    clojure.lang.PersistentVector.reduce (PersistentVector.java:333)
    clojure.core$reduce.invoke (core.clj:6518)
    clojurescript_build.core.CompilableSourcePaths._compile (core.clj:19)
    cljs.closure$build.invoke (closure.clj:1671)
    clojurescript_build.core$build_source_paths_STAR_.invoke (core.clj:160)
    figwheel_sidecar.auto_builder$default_build_options$fn__18999.invoke (auto_builder.clj:61)
    figwheel_sidecar.auto_builder$insert_figwheel_connect_script$fn__19045.invoke (auto_builder.clj:201)
    figwheel_sidecar.auto_builder$warning$fn__18996.invoke (auto_builder.clj:57)
    clojurescript_build.auto$time_build$fn__18799.invoke (auto.clj:56)
    clojurescript_build.auto$after$fn__18805.invoke (auto.clj:65)
    clojurescript_build.auto$after$fn__18805.invoke (auto.clj:65)
    clojurescript_build.auto$error$fn__18808.invoke (auto.clj:72)
    clojurescript_build.auto$before$fn__18802.invoke (auto.clj:61)
    clojurescript_build.auto$make_conditional_builder$fn__18820.invoke (auto.clj:104)
    clojure.core$mapv$fn__6727.invoke (core.clj:6616)
    clojure.lang.PersistentVector.reduce (PersistentVector.java:333)
    clojure.core$reduce.invoke (core.clj:6518)
    clojure.core$mapv.invoke (core.clj:6616)
    clojurescript_build.auto$autobuild_STAR_$fn__18906$state_machine__14360__auto____18907$fn__18912.invoke (auto.clj:187)
    clojurescript_build.auto$autobuild_STAR_$fn__18906$state_machine__14360__auto____18907.invoke (auto.clj:178)
Figwheel: focusing on build-ids (build_needs_id_910)
[0mCompiling "resources/public/js/app.js" from ["src" "dev"]...
[32mSuccessfully compiled "resources/public/js/app.js" in 0.61 seconds.[0m
notifying browser that file changed:  resources/public/js/out/goog/deps.js
notifying browser that file changed:  resources/public/js/out/cljs_deps.js
notifying browser that file changed:  \p3r50na\apps\bookof5rinds\client.js
[0mCompiling "resources/public/js/app.js" from ["src" "dev"]...
[32mSuccessfully compiled "resources/public/js/app.js" in 0.222 seconds.[0m
notifying browser that file changed:  resources/public/js/out/cljs_deps.js
notifying browser that file changed:  \p3r50na\apps\bookof5rinds\client.js
[0mCompiling "resources/public/js/app.js" from ["src" "dev"]...
[31mCompiling "resources/public/js/app.js" failed.[0m
clojure.lang.ExceptionInfo: failed compiling file:src\p3r50na\apps\bookof5rinds\client.cljs
 at clojure.core$ex_info.invoke (core.clj:4593)
    cljs.compiler$compile_file$fn__8153.invoke (compiler.cljc:1254)
    cljs.compiler$compile_file.invoke (compiler.cljc:1216)
    cljs.compiler$compile_root.invoke (compiler.cljc:1291)
    cljs.closure$compile_dir.invoke (closure.clj:438)
    cljs.closure$eval8596$fn__8597.invoke (closure.clj:478)
    cljs.closure$eval8548$fn__8549$G__8539__8556.invoke (closure.clj:383)
    cljs.closure$eval8609$fn__8610.invoke (closure.clj:492)
    cljs.closure$eval8548$fn__8549$G__8539__8556.invoke (closure.clj:383)
    clojurescript_build.core.CompilableSourcePaths/fn (core.clj:20)
    clojure.lang.PersistentVector.reduce (PersistentVector.java:333)
    clojure.core$reduce.invoke (core.clj:6518)
    clojurescript_build.core.CompilableSourcePaths._compile (core.clj:19)
    cljs.closure$build.invoke (closure.clj:1671)
    clojurescript_build.core$build_source_paths_STAR_.invoke (core.clj:160)
    figwheel_sidecar.auto_builder$default_build_options$fn__18999.invoke (auto_builder.clj:61)
    figwheel_sidecar.auto_builder$insert_figwheel_connect_script$fn__19045.invoke (auto_builder.clj:201)
    figwheel_sidecar.auto_builder$warning$fn__18996.invoke (auto_builder.clj:57)
    clojurescript_build.auto$time_build$fn__18799.invoke (auto.clj:56)
    clojurescript_build.auto$after$fn__18805.invoke (auto.clj:65)
    clojurescript_build.auto$after$fn__18805.invoke (auto.clj:65)
    clojurescript_build.auto$error$fn__18808.invoke (auto.clj:72)
    clojurescript_build.auto$before$fn__18802.invoke (auto.clj:61)
    clojurescript_build.auto$make_conditional_builder$fn__18820.invoke (auto.clj:104)
    clojure.core$mapv$fn__6727.invoke (core.clj:6616)
    clojure.lang.PersistentVector.reduce (PersistentVector.java:333)
    clojure.core$reduce.invoke (core.clj:6518)
    clojure.core$mapv.invoke (core.clj:6616)
    clojurescript_build.auto$autobuild_STAR_$fn__18906$state_machine__14360__auto____18907$fn__18912.invoke (auto.clj:187)
    clojurescript_build.auto$autobuild_STAR_$fn__18906$state_machine__14360__auto____18907.invoke (auto.clj:178)
[0mCompiling "resources/public/js/app.js" from ["src" "dev"]...
[32mSuccessfully compiled "resources/public/js/app.js" in 0.173 seconds.[0m
notifying browser that file changed:  resources/public/js/out/cljs_deps.js
notifying browser that file changed:  \p3r50na\apps\bookof5rinds\client.js
[0mCompiling "resources/public/js/app.js" from ["src" "dev"]...
[32mSuccessfully compiled "resources/public/js/app.js" in 0.151 seconds.[0m
notifying browser that file changed:  resources/public/js/out/cljs_deps.js
notifying browser that file changed:  \p3r50na\apps\bookof5rinds\client.js
[0mCompiling "resources/public/js/app.js" from ["src" "dev"]...
[32mSuccessfully compiled "resources/public/js/app.js" in 0.149 seconds.[0m
notifying browser that file changed:  \p3r50na\apps\bookof5rinds\client.js
[0mCompiling "resources/public/js/app.js" from ["src" "dev"]...
[32mSuccessfully compiled "resources/public/js/app.js" in 0.152 seconds.[0m
notifying browser that file changed:  resources/public/js/out/cljs_deps.js
notifying browser that file changed:  \p3r50na\apps\bookof5rinds\client.js
[0mCompiling "resources/public/js/app.js" from ["src" "dev"]...
[32mSuccessfully compiled "resources/public/js/app.js" in 0.224 seconds.[0m
notifying browser that file changed:  resources/public/js/out/cljs_deps.js
notifying browser that file changed:  \p3r50na\apps\bookof5rinds\client.js
[0mCompiling "resources/public/js/app.js" from ["src" "dev"]...
[32mSuccessfully compiled "resources/public/js/app.js" in 0.236 seconds.[0m
notifying browser that file changed:  resources/public/js/out/cljs_deps.js
notifying browser that file changed:  \p3r50na\apps\bookof5rinds\client.js
[0mCompiling "resources/public/js/app.js" from ["src" "dev"]...
WARNING: Wrong number of args (4) passed to cljs.core.async.impl.ioc-helpers/take! at line 27 src\p3r50na\apps\bookof5rinds\client.cljs
WARNING: Wrong number of args (4) passed to cljs.core.async.impl.ioc-helpers/take! at line 27 src\p3r50na\apps\bookof5rinds\client.cljs
[32mSuccessfully compiled "resources/public/js/app.js" in 0.287 seconds.[0m
notifying browser that file changed:  resources/public/js/out/cljs_deps.js
notifying browser that file changed:  \p3r50na\apps\bookof5rinds\client.js
[0mCompiling "resources/public/js/app.js" from ["src" "dev"]...
[32mSuccessfully compiled "resources/public/js/app.js" in 0.2 seconds.[0m
notifying browser that file changed:  resources/public/js/out/cljs_deps.js
notifying browser that file changed:  \p3r50na\apps\bookof5rinds\client.js
[0mCompiling "resources/public/js/app.js" from ["src" "dev"]...
[32mSuccessfully compiled "resources/public/js/app.js" in 0.2 seconds.[0m
notifying browser that file changed:  \p3r50na\apps\bookof5rinds\client.js
[0mCompiling "resources/public/js/app.js" from ["src" "dev"]...
WARNING: seq already refers to: cljs.core/seq being replaced by: p3r50na.apps.bookof5rinds.client/seq at line 23 src\p3r50na\apps\bookof5rinds\client.cljs
[32mSuccessfully compiled "resources/public/js/app.js" in 0.244 seconds.[0m
notifying browser that file changed:  resources/public/js/out/cljs_deps.js
notifying browser that file changed:  \p3r50na\apps\bookof5rinds\client.js
[0mCompiling "resources/public/js/app.js" from ["src" "dev"]...
[32mSuccessfully compiled "resources/public/js/app.js" in 0.174 seconds.[0m
notifying browser that file changed:  \p3r50na\apps\bookof5rinds\client.js
[0mCompiling "resources/public/js/app.js" from ["src" "dev"]...
[32mSuccessfully compiled "resources/public/js/app.js" in 0.197 seconds.[0m
notifying browser that file changed:  \p3r50na\apps\bookof5rinds\client.js
[0mCompiling "resources/public/js/app.js" from ["src" "dev"]...
WARNING: Use of undeclared Var p3r50na.apps.bookof5rinds.client/>! at line 39 src\p3r50na\apps\bookof5rinds\client.cljs
WARNING: Use of undeclared Var p3r50na.apps.bookof5rinds.client/>! at line 39 src\p3r50na\apps\bookof5rinds\client.cljs
[32mSuccessfully compiled "resources/public/js/app.js" in 0.249 seconds.[0m
notifying browser that file changed:  resources/public/js/out/cljs_deps.js
notifying browser that file changed:  \p3r50na\apps\bookof5rinds\client.js
[0mCompiling "resources/public/js/app.js" from ["src" "dev"]...
[32mSuccessfully compiled "resources/public/js/app.js" in 0.242 seconds.[0m
notifying browser that file changed:  \p3r50na\apps\bookof5rinds\client.js
[0mCompiling "resources/public/js/app.js" from ["src" "dev"]...
[31mCompiling "resources/public/js/app.js" failed.[0m
ERROR: Unmatched delimiter ] on file C:\cygwin64\progg\p3r50na\src\p3r50na\apps\bookof5rinds\client.cljs, line 38, column 30
[0mCompiling "resources/public/js/app.js" from ["src" "dev"]...
[32mSuccessfully compiled "resources/public/js/app.js" in 0.194 seconds.[0m
notifying browser that file changed:  resources/public/js/out/cljs_deps.js
notifying browser that file changed:  \p3r50na\apps\bookof5rinds\client.js
[0mCompiling "resources/public/js/app.js" from ["src" "dev"]...
[32mSuccessfully compiled "resources/public/js/app.js" in 0.215 seconds.[0m
notifying browser that file changed:  \p3r50na\apps\bookof5rinds\client.js
[0mCompiling "resources/public/js/app.js" from ["src" "dev"]...
[32mSuccessfully compiled "resources/public/js/app.js" in 0.229 seconds.[0m
notifying browser that file changed:  \p3r50na\apps\bookof5rinds\client.js
Figwheel: focusing on build-ids (build_needs_id_910)
[0mCompiling "resources/public/js/app.js" from ["src" "dev"]...
[32mSuccessfully compiled "resources/public/js/app.js" in 0.408 seconds.[0m
notifying browser that file changed:  resources/public/js/out/goog/deps.js
notifying browser that file changed:  resources/public/js/out/cljs_deps.js
notifying browser that file changed:  \p3r50na\apps\bookof5rinds\client.js
[0mCompiling "resources/public/js/app.js" from ["src" "dev"]...
[31mCompiling "resources/public/js/app.js" failed.[0m
clojure.lang.Compiler$CompilerException: java.lang.RuntimeException: EOF while reading, starting at line 20, compiling:(\p3r50na\apps\bookof5rinds\core.clj:39:1)
 at clojure.lang.Compiler.load (Compiler.java:7234)
    clojure.lang.RT.loadResourceScript (RT.java:371)
    clojure.lang.RT.loadResourceScript (RT.java:362)
    clojure.lang.RT.load (RT.java:446)
    clojure.lang.RT.load (RT.java:412)
    clojure.core$load$fn__5448.invoke (core.clj:5866)
    clojure.core$load.doInvoke (core.clj:5865)
    clojure.lang.RestFn.invoke (RestFn.java:408)
    clojurescript_build.core$reload_lib.invoke (core.clj:46)
    clojurescript_build.core$handle_source_reloading_STAR_.invoke (core.clj:139)
    clojurescript_build.core$handle_source_reloading.invoke (core.clj:145)
    clojurescript_build.core$build_source_paths_STAR_.invoke (core.clj:158)
    figwheel_sidecar.auto_builder$default_build_options$fn__18999.invoke (auto_builder.clj:61)
    figwheel_sidecar.auto_builder$insert_figwheel_connect_script$fn__19045.invoke (auto_builder.clj:201)
    figwheel_sidecar.auto_builder$warning$fn__18996.invoke (auto_builder.clj:57)
    clojurescript_build.auto$time_build$fn__18799.invoke (auto.clj:56)
    clojurescript_build.auto$after$fn__18805.invoke (auto.clj:65)
    clojurescript_build.auto$after$fn__18805.invoke (auto.clj:65)
    clojurescript_build.auto$error$fn__18808.invoke (auto.clj:72)
    clojurescript_build.auto$before$fn__18802.invoke (auto.clj:61)
    clojurescript_build.auto$make_conditional_builder$fn__18820.invoke (auto.clj:104)
    clojure.core$mapv$fn__6727.invoke (core.clj:6616)
    clojure.lang.PersistentVector.reduce (PersistentVector.java:333)
    clojure.core$reduce.invoke (core.clj:6518)
    clojure.core$mapv.invoke (core.clj:6616)
    clojurescript_build.auto$autobuild_STAR_$fn__18906$state_machine__14360__auto____18907$fn__18912.invoke (auto.clj:187)
    clojurescript_build.auto$autobuild_STAR_$fn__18906$state_machine__14360__auto____18907.invoke (auto.clj:178)
    clojure.core.async.impl.ioc_macros$run_state_machine.invoke (ioc_macros.clj:940)
    clojure.core.async.impl.ioc_macros$run_state_machine_wrapped.invoke (ioc_macros.clj:944)
    clojure.core.async$ioc_alts_BANG_$fn__14539.invoke (async.clj:362)
[0mCompiling "resources/public/js/app.js" from ["src" "dev"]...
[31mCompiling "resources/public/js/app.js" failed.[0m
clojure.lang.Compiler$CompilerException: java.lang.RuntimeException: Unable to resolve symbol: with-channel in this context, compiling:(\p3r50na\apps\bookof5rinds\core.clj:27:7)
 at clojure.lang.Compiler.analyze (Compiler.java:6543)
    clojure.lang.Compiler.analyze (Compiler.java:6485)
    clojure.lang.Compiler$InvokeExpr.parse (Compiler.java:3737)
    clojure.lang.Compiler.analyzeSeq (Compiler.java:6725)
    clojure.lang.Compiler.analyze (Compiler.java:6524)
    clojure.lang.Compiler.analyze (Compiler.java:6485)
    clojure.lang.Compiler$BodyExpr$Parser.parse (Compiler.java:5861)
    clojure.lang.Compiler.analyzeSeq (Compiler.java:6723)
    clojure.lang.Compiler.analyze (Compiler.java:6524)
    clojure.lang.Compiler.analyze (Compiler.java:6485)
    clojure.lang.Compiler$BodyExpr$Parser.parse (Compiler.java:5861)
    clojure.lang.Compiler$LetExpr$Parser.parse (Compiler.java:6179)
    clojure.lang.Compiler.analyzeSeq (Compiler.java:6723)
    clojure.lang.Compiler.analyze (Compiler.java:6524)
    clojure.lang.Compiler.analyzeSeq (Compiler.java:6711)
    clojure.lang.Compiler.analyze (Compiler.java:6524)
    clojure.lang.Compiler.analyzeSeq (Compiler.java:6711)
    clojure.lang.Compiler.analyze (Compiler.java:6524)
    clojure.lang.Compiler.analyze (Compiler.java:6485)
    clojure.lang.Compiler$BodyExpr$Parser.parse (Compiler.java:5861)
    clojure.lang.Compiler$FnMethod.parse (Compiler.java:5296)
    clojure.lang.Compiler$FnExpr.parse (Compiler.java:3925)
    clojure.lang.Compiler.analyzeSeq (Compiler.java:6721)
    clojure.lang.Compiler.analyze (Compiler.java:6524)
    clojure.lang.Compiler.analyzeSeq (Compiler.java:6711)
    clojure.lang.Compiler.analyze (Compiler.java:6524)
    clojure.lang.Compiler.analyze (Compiler.java:6485)
    clojure.lang.Compiler$InvokeExpr.parse (Compiler.java:3791)
    clojure.lang.Compiler.analyzeSeq (Compiler.java:6725)
    clojure.lang.Compiler.analyze (Compiler.java:6524)
[0mCompiling "resources/public/js/app.js" from ["src" "dev"]...
[31mCompiling "resources/public/js/app.js" failed.[0m
clojure.lang.Compiler$CompilerException: java.lang.RuntimeException: Unable to resolve symbol: with-channel in this context, compiling:(\p3r50na\apps\bookof5rinds\core.clj:30:3)
 at clojure.lang.Compiler.analyze (Compiler.java:6543)
    clojure.lang.Compiler.analyze (Compiler.java:6485)
    clojure.lang.Compiler$InvokeExpr.parse (Compiler.java:3737)
    clojure.lang.Compiler.analyzeSeq (Compiler.java:6725)
    clojure.lang.Compiler.analyze (Compiler.java:6524)
    clojure.lang.Compiler.analyze (Compiler.java:6485)
    clojure.lang.Compiler$BodyExpr$Parser.parse (Compiler.java:5861)
    clojure.lang.Compiler$FnMethod.parse (Compiler.java:5296)
    clojure.lang.Compiler$FnExpr.parse (Compiler.java:3925)
    clojure.lang.Compiler.analyzeSeq (Compiler.java:6721)
    clojure.lang.Compiler.analyze (Compiler.java:6524)
    clojure.lang.Compiler.analyzeSeq (Compiler.java:6711)
    clojure.lang.Compiler.analyze (Compiler.java:6524)
    clojure.lang.Compiler.access$300 (Compiler.java:38)
    clojure.lang.Compiler$DefExpr$Parser.parse (Compiler.java:577)
    clojure.lang.Compiler.analyzeSeq (Compiler.java:6723)
    clojure.lang.Compiler.analyze (Compiler.java:6524)
    clojure.lang.Compiler.analyze (Compiler.java:6485)
    clojure.lang.Compiler.eval (Compiler.java:6786)
    clojure.lang.Compiler.load (Compiler.java:7227)
    clojure.lang.RT.loadResourceScript (RT.java:371)
    clojure.lang.RT.loadResourceScript (RT.java:362)
    clojure.lang.RT.load (RT.java:446)
    clojure.lang.RT.load (RT.java:412)
    clojure.core$load$fn__5448.invoke (core.clj:5866)
    clojure.core$load.doInvoke (core.clj:5865)
    clojure.lang.RestFn.invoke (RestFn.java:408)
    clojurescript_build.core$reload_lib.invoke (core.clj:46)
    clojurescript_build.core$handle_source_reloading_STAR_.invoke (core.clj:139)
    clojurescript_build.core$handle_source_reloading.invoke (core.clj:145)
[0mCompiling "resources/public/js/app.js" from ["src" "dev"]...
[31mCompiling "resources/public/js/app.js" failed.[0m
clojure.lang.Compiler$CompilerException: java.lang.RuntimeException: Unable to resolve symbol: with-channel in this context, compiling:(\p3r50na\apps\bookof5rinds\core.clj:31:3)
 at clojure.lang.Compiler.analyze (Compiler.java:6543)
    clojure.lang.Compiler.analyze (Compiler.java:6485)
    clojure.lang.Compiler$InvokeExpr.parse (Compiler.java:3737)
    clojure.lang.Compiler.analyzeSeq (Compiler.java:6725)
    clojure.lang.Compiler.analyze (Compiler.java:6524)
    clojure.lang.Compiler.analyze (Compiler.java:6485)
    clojure.lang.Compiler$BodyExpr$Parser.parse (Compiler.java:5861)
    clojure.lang.Compiler$FnMethod.parse (Compiler.java:5296)
    clojure.lang.Compiler$FnExpr.parse (Compiler.java:3925)
    clojure.lang.Compiler.analyzeSeq (Compiler.java:6721)
    clojure.lang.Compiler.analyze (Compiler.java:6524)
    clojure.lang.Compiler.analyzeSeq (Compiler.java:6711)
    clojure.lang.Compiler.analyze (Compiler.java:6524)
    clojure.lang.Compiler.access$300 (Compiler.java:38)
    clojure.lang.Compiler$DefExpr$Parser.parse (Compiler.java:577)
    clojure.lang.Compiler.analyzeSeq (Compiler.java:6723)
    clojure.lang.Compiler.analyze (Compiler.java:6524)
    clojure.lang.Compiler.analyze (Compiler.java:6485)
    clojure.lang.Compiler.eval (Compiler.java:6786)
    clojure.lang.Compiler.load (Compiler.java:7227)
    clojure.lang.RT.loadResourceScript (RT.java:371)
    clojure.lang.RT.loadResourceScript (RT.java:362)
    clojure.lang.RT.load (RT.java:446)
    clojure.lang.RT.load (RT.java:412)
    clojure.core$load$fn__5448.invoke (core.clj:5866)
    clojure.core$load.doInvoke (core.clj:5865)
    clojure.lang.RestFn.invoke (RestFn.java:408)
    clojurescript_build.core$reload_lib.invoke (core.clj:46)
    clojurescript_build.core$handle_source_reloading_STAR_.invoke (core.clj:139)
    clojurescript_build.core$handle_source_reloading.invoke (core.clj:145)
[0mCompiling "resources/public/js/app.js" from ["src" "dev"]...
[31mCompiling "resources/public/js/app.js" failed.[0m
clojure.lang.Compiler$CompilerException: java.lang.RuntimeException: Unable to resolve symbol: with-channel in this context, compiling:(\p3r50na\apps\bookof5rinds\core.clj:31:3)
 at clojure.lang.Compiler.analyze (Compiler.java:6543)
    clojure.lang.Compiler.analyze (Compiler.java:6485)
    clojure.lang.Compiler$InvokeExpr.parse (Compiler.java:3737)
    clojure.lang.Compiler.analyzeSeq (Compiler.java:6725)
    clojure.lang.Compiler.analyze (Compiler.java:6524)
    clojure.lang.Compiler.analyze (Compiler.java:6485)
    clojure.lang.Compiler$BodyExpr$Parser.parse (Compiler.java:5861)
    clojure.lang.Compiler$FnMethod.parse (Compiler.java:5296)
    clojure.lang.Compiler$FnExpr.parse (Compiler.java:3925)
    clojure.lang.Compiler.analyzeSeq (Compiler.java:6721)
    clojure.lang.Compiler.analyze (Compiler.java:6524)
    clojure.lang.Compiler.analyzeSeq (Compiler.java:6711)
    clojure.lang.Compiler.analyze (Compiler.java:6524)
    clojure.lang.Compiler.access$300 (Compiler.java:38)
    clojure.lang.Compiler$DefExpr$Parser.parse (Compiler.java:577)
    clojure.lang.Compiler.analyzeSeq (Compiler.java:6723)
    clojure.lang.Compiler.analyze (Compiler.java:6524)
    clojure.lang.Compiler.analyze (Compiler.java:6485)
    clojure.lang.Compiler.eval (Compiler.java:6786)
    clojure.lang.Compiler.load (Compiler.java:7227)
    clojure.lang.RT.loadResourceScript (RT.java:371)
    clojure.lang.RT.loadResourceScript (RT.java:362)
    clojure.lang.RT.load (RT.java:446)
    clojure.lang.RT.load (RT.java:412)
    clojure.core$load$fn__5448.invoke (core.clj:5866)
    clojure.core$load.doInvoke (core.clj:5865)
    clojure.lang.RestFn.invoke (RestFn.java:408)
    clojurescript_build.core$reload_lib.invoke (core.clj:46)
    clojurescript_build.core$handle_source_reloading_STAR_.invoke (core.clj:139)
    clojurescript_build.core$handle_source_reloading.invoke (core.clj:145)
[0mCompiling "resources/public/js/app.js" from ["src" "dev"]...
[31mCompiling "resources/public/js/app.js" failed.[0m
clojure.lang.Compiler$CompilerException: java.lang.RuntimeException: Unable to resolve symbol: with-channel in this context, compiling:(\p3r50na\apps\bookof5rinds\core.clj:31:3)
 at clojure.lang.Compiler.analyze (Compiler.java:6543)
    clojure.lang.Compiler.analyze (Compiler.java:6485)
    clojure.lang.Compiler$InvokeExpr.parse (Compiler.java:3737)
    clojure.lang.Compiler.analyzeSeq (Compiler.java:6725)
    clojure.lang.Compiler.analyze (Compiler.java:6524)
    clojure.lang.Compiler.analyze (Compiler.java:6485)
    clojure.lang.Compiler$BodyExpr$Parser.parse (Compiler.java:5861)
    clojure.lang.Compiler$FnMethod.parse (Compiler.java:5296)
    clojure.lang.Compiler$FnExpr.parse (Compiler.java:3925)
    clojure.lang.Compiler.analyzeSeq (Compiler.java:6721)
    clojure.lang.Compiler.analyze (Compiler.java:6524)
    clojure.lang.Compiler.analyzeSeq (Compiler.java:6711)
    clojure.lang.Compiler.analyze (Compiler.java:6524)
    clojure.lang.Compiler.access$300 (Compiler.java:38)
    clojure.lang.Compiler$DefExpr$Parser.parse (Compiler.java:577)
    clojure.lang.Compiler.analyzeSeq (Compiler.java:6723)
    clojure.lang.Compiler.analyze (Compiler.java:6524)
    clojure.lang.Compiler.analyze (Compiler.java:6485)
    clojure.lang.Compiler.eval (Compiler.java:6786)
    clojure.lang.Compiler.load (Compiler.java:7227)
    clojure.lang.RT.loadResourceScript (RT.java:371)
    clojure.lang.RT.loadResourceScript (RT.java:362)
    clojure.lang.RT.load (RT.java:446)
    clojure.lang.RT.load (RT.java:412)
    clojure.core$load$fn__5448.invoke (core.clj:5866)
    clojure.core$load.doInvoke (core.clj:5865)
    clojure.lang.RestFn.invoke (RestFn.java:408)
    clojurescript_build.core$reload_lib.invoke (core.clj:46)
    clojurescript_build.core$handle_source_reloading_STAR_.invoke (core.clj:139)
    clojurescript_build.core$handle_source_reloading.invoke (core.clj:145)
[0mCompiling "resources/public/js/app.js" from ["src" "dev"]...
[31mCompiling "resources/public/js/app.js" failed.[0m
clojure.lang.Compiler$CompilerException: java.lang.RuntimeException: EOF while reading, starting at line 1, compiling:(\p3r50na\apps\bookof5rinds\core.clj:46:1)
 at clojure.lang.Compiler.load (Compiler.java:7234)
    clojure.lang.RT.loadResourceScript (RT.java:371)
    clojure.lang.RT.loadResourceScript (RT.java:362)
    clojure.lang.RT.load (RT.java:446)
    clojure.lang.RT.load (RT.java:412)
    clojure.core$load$fn__5448.invoke (core.clj:5866)
    clojure.core$load.doInvoke (core.clj:5865)
    clojure.lang.RestFn.invoke (RestFn.java:408)
    clojurescript_build.core$reload_lib.invoke (core.clj:46)
    clojurescript_build.core$handle_source_reloading_STAR_.invoke (core.clj:139)
    clojurescript_build.core$handle_source_reloading.invoke (core.clj:145)
    clojurescript_build.core$build_source_paths_STAR_.invoke (core.clj:158)
    figwheel_sidecar.auto_builder$default_build_options$fn__18999.invoke (auto_builder.clj:61)
    figwheel_sidecar.auto_builder$insert_figwheel_connect_script$fn__19045.invoke (auto_builder.clj:201)
    figwheel_sidecar.auto_builder$warning$fn__18996.invoke (auto_builder.clj:57)
    clojurescript_build.auto$time_build$fn__18799.invoke (auto.clj:56)
    clojurescript_build.auto$after$fn__18805.invoke (auto.clj:65)
    clojurescript_build.auto$after$fn__18805.invoke (auto.clj:65)
    clojurescript_build.auto$error$fn__18808.invoke (auto.clj:72)
    clojurescript_build.auto$before$fn__18802.invoke (auto.clj:61)
    clojurescript_build.auto$make_conditional_builder$fn__18820.invoke (auto.clj:104)
    clojure.core$mapv$fn__6727.invoke (core.clj:6616)
    clojure.lang.PersistentVector.reduce (PersistentVector.java:333)
    clojure.core$reduce.invoke (core.clj:6518)
    clojure.core$mapv.invoke (core.clj:6616)
    clojurescript_build.auto$autobuild_STAR_$fn__18906$state_machine__14360__auto____18907$fn__18912.invoke (auto.clj:187)
    clojurescript_build.auto$autobuild_STAR_$fn__18906$state_machine__14360__auto____18907.invoke (auto.clj:178)
    clojure.core.async.impl.ioc_macros$run_state_machine.invoke (ioc_macros.clj:940)
    clojure.core.async.impl.ioc_macros$run_state_machine_wrapped.invoke (ioc_macros.clj:944)
    clojure.core.async$ioc_alts_BANG_$fn__14539.invoke (async.clj:362)
[0mCompiling "resources/public/js/app.js" from ["src" "dev"]...
[31mCompiling "resources/public/js/app.js" failed.[0m
clojure.lang.Compiler$CompilerException: java.lang.RuntimeException: No such var: clojure.core/require-macros, compiling:(\p3r50na\apps\bookof5rinds\core.clj:1:1)
 at clojure.lang.Compiler.analyze (Compiler.java:6543)
    clojure.lang.Compiler.analyze (Compiler.java:6485)
    clojure.lang.Compiler$InvokeExpr.parse (Compiler.java:3737)
    clojure.lang.Compiler.analyzeSeq (Compiler.java:6725)
    clojure.lang.Compiler.analyze (Compiler.java:6524)
    clojure.lang.Compiler.analyze (Compiler.java:6485)
    clojure.lang.Compiler$BodyExpr$Parser.parse (Compiler.java:5861)
    clojure.lang.Compiler$TryExpr$Parser.parse (Compiler.java:2261)
    clojure.lang.Compiler.analyzeSeq (Compiler.java:6723)
    clojure.lang.Compiler.analyze (Compiler.java:6524)
    clojure.lang.Compiler.analyze (Compiler.java:6485)
    clojure.lang.Compiler$BodyExpr$Parser.parse (Compiler.java:5861)
    clojure.lang.Compiler$FnMethod.parse (Compiler.java:5296)
    clojure.lang.Compiler$FnExpr.parse (Compiler.java:3925)
    clojure.lang.Compiler.analyzeSeq (Compiler.java:6721)
    clojure.lang.Compiler.analyze (Compiler.java:6524)
    clojure.lang.Compiler.analyzeSeq (Compiler.java:6711)
    clojure.lang.Compiler.analyze (Compiler.java:6524)
    clojure.lang.Compiler.analyze (Compiler.java:6485)
    clojure.lang.Compiler$InvokeExpr.parse (Compiler.java:3737)
    clojure.lang.Compiler.analyzeSeq (Compiler.java:6725)
    clojure.lang.Compiler.analyze (Compiler.java:6524)
    clojure.lang.Compiler.analyze (Compiler.java:6485)
    clojure.lang.Compiler$BodyExpr$Parser.parse (Compiler.java:5861)
    clojure.lang.Compiler$FnMethod.parse (Compiler.java:5296)
    clojure.lang.Compiler$FnExpr.parse (Compiler.java:3925)
    clojure.lang.Compiler.analyzeSeq (Compiler.java:6721)
    clojure.lang.Compiler.analyze (Compiler.java:6524)
    clojure.lang.Compiler.eval (Compiler.java:6779)
    clojure.lang.Compiler.eval (Compiler.java:6771)
[0mCompiling "resources/public/js/app.js" from ["src" "dev"]...
[31mCompiling "resources/public/js/app.js" failed.[0m
clojure.lang.Compiler$CompilerException: java.lang.RuntimeException: Unable to resolve symbol: on-close in this context, compiling:(\p3r50na\apps\bookof5rinds\core.clj:33:5)
 at clojure.lang.Compiler.analyze (Compiler.java:6543)
    clojure.lang.Compiler.analyze (Compiler.java:6485)
    clojure.lang.Compiler$InvokeExpr.parse (Compiler.java:3737)
    clojure.lang.Compiler.analyzeSeq (Compiler.java:6725)
    clojure.lang.Compiler.analyze (Compiler.java:6524)
    clojure.lang.Compiler.analyze (Compiler.java:6485)
    clojure.lang.Compiler$BodyExpr$Parser.parse (Compiler.java:5861)
    clojure.lang.Compiler.analyzeSeq (Compiler.java:6723)
    clojure.lang.Compiler.analyze (Compiler.java:6524)
    clojure.lang.Compiler.analyze (Compiler.java:6485)
    clojure.lang.Compiler$BodyExpr$Parser.parse (Compiler.java:5861)
    clojure.lang.Compiler$LetExpr$Parser.parse (Compiler.java:6179)
    clojure.lang.Compiler.analyzeSeq (Compiler.java:6723)
    clojure.lang.Compiler.analyze (Compiler.java:6524)
    clojure.lang.Compiler.analyzeSeq (Compiler.java:6711)
    clojure.lang.Compiler.analyze (Compiler.java:6524)
    clojure.lang.Compiler.analyze (Compiler.java:6485)
    clojure.lang.Compiler$IfExpr$Parser.parse (Compiler.java:2777)
    clojure.lang.Compiler.analyzeSeq (Compiler.java:6723)
    clojure.lang.Compiler.analyze (Compiler.java:6524)
    clojure.lang.Compiler.analyze (Compiler.java:6485)
    clojure.lang.Compiler$BodyExpr$Parser.parse (Compiler.java:5861)
    clojure.lang.Compiler$LetExpr$Parser.parse (Compiler.java:6179)
    clojure.lang.Compiler.analyzeSeq (Compiler.java:6723)
    clojure.lang.Compiler.analyze (Compiler.java:6524)
    clojure.lang.Compiler.analyzeSeq (Compiler.java:6711)
    clojure.lang.Compiler.analyze (Compiler.java:6524)
    clojure.lang.Compiler.analyzeSeq (Compiler.java:6711)
    clojure.lang.Compiler.analyze (Compiler.java:6524)
    clojure.lang.Compiler.analyze (Compiler.java:6485)
[0mCompiling "resources/public/js/app.js" from ["src" "dev"]...
[32mSuccessfully compiled "resources/public/js/app.js" in 0.428 seconds.[0m
[0mCompiling "resources/public/js/app.js" from ["src" "dev"]...
[32mSuccessfully compiled "resources/public/js/app.js" in 0.126 seconds.[0m
[0mCompiling "resources/public/js/app.js" from ["src" "dev"]...
[32mSuccessfully compiled "resources/public/js/app.js" in 0.128 seconds.[0m
[0mCompiling "resources/public/js/app.js" from ["src" "dev"]...
[32mSuccessfully compiled "resources/public/js/app.js" in 0.132 seconds.[0m
[0mCompiling "resources/public/js/app.js" from ["src" "dev"]...
[32mSuccessfully compiled "resources/public/js/app.js" in 0.117 seconds.[0m
[0mCompiling "resources/public/js/app.js" from ["src" "dev"]...
[32mSuccessfully compiled "resources/public/js/app.js" in 0.113 seconds.[0m
[0mCompiling "resources/public/js/app.js" from ["src" "dev"]...
[32mSuccessfully compiled "resources/public/js/app.js" in 0.127 seconds.[0m
[0mCompiling "resources/public/js/app.js" from ["src" "dev"]...
[32mSuccessfully compiled "resources/public/js/app.js" in 0.113 seconds.[0m
[0mCompiling "resources/public/js/app.js" from ["src" "dev"]...
[32mSuccessfully compiled "resources/public/js/app.js" in 0.124 seconds.[0m
[0mCompiling "resources/public/js/app.js" from ["src" "dev"]...
[32mSuccessfully compiled "resources/public/js/app.js" in 0.109 seconds.[0m
[0mCompiling "resources/public/js/app.js" from ["src" "dev"]...
[32mSuccessfully compiled "resources/public/js/app.js" in 0.11 seconds.[0m
[0mCompiling "resources/public/js/app.js" from ["src" "dev"]...
WARNING: Use of undeclared Var p3r50na.apps.bookof5rinds.client/max-id at line 26 src\p3r50na\apps\bookof5rinds\client.cljs
WARNING: Use of undeclared Var p3r50na.apps.bookof5rinds.client/add-msg at line 28 src\p3r50na\apps\bookof5rinds\client.cljs
WARNING: Use of undeclared Var p3r50na.apps.bookof5rinds.client/max-id at line 29 src\p3r50na\apps\bookof5rinds\client.cljs
WARNING: Use of undeclared Var p3r50na.apps.bookof5rinds.client/max-id at line 26 src\p3r50na\apps\bookof5rinds\client.cljs
WARNING: Use of undeclared Var p3r50na.apps.bookof5rinds.client/add-msg at line 28 src\p3r50na\apps\bookof5rinds\client.cljs
WARNING: Use of undeclared Var p3r50na.apps.bookof5rinds.client/max-id at line 29 src\p3r50na\apps\bookof5rinds\client.cljs
[32mSuccessfully compiled "resources/public/js/app.js" in 0.257 seconds.[0m
notifying browser that file changed:  \p3r50na\apps\bookof5rinds\client.js
[0mCompiling "resources/public/js/app.js" from ["src" "dev"]...
WARNING: Use of undeclared Var p3r50na.apps.bookof5rinds.client/add-msg at line 31 src\p3r50na\apps\bookof5rinds\client.cljs
WARNING: Use of undeclared Var p3r50na.apps.bookof5rinds.client/add-msg at line 31 src\p3r50na\apps\bookof5rinds\client.cljs
[32mSuccessfully compiled "resources/public/js/app.js" in 0.25 seconds.[0m
notifying browser that file changed:  resources/public/js/out/cljs_deps.js
notifying browser that file changed:  \p3r50na\apps\bookof5rinds\client.js
[0mCompiling "resources/public/js/app.js" from ["src" "dev"]...
[32mSuccessfully compiled "resources/public/js/app.js" in 0.15 seconds.[0m
notifying browser that file changed:  \p3r50na\apps\bookof5rinds\client.js
[0mCompiling "resources/public/js/app.js" from ["src" "dev"]...
[32mSuccessfully compiled "resources/public/js/app.js" in 0.166 seconds.[0m
notifying browser that file changed:  resources/public/js/out/cljs_deps.js
notifying browser that file changed:  \p3r50na\apps\bookof5rinds\client.js
[0mCompiling "resources/public/js/app.js" from ["src" "dev"]...
[32mSuccessfully compiled "resources/public/js/app.js" in 0.145 seconds.[0m
notifying browser that file changed:  \p3r50na\apps\bookof5rinds\client.js
[0mCompiling "resources/public/js/app.js" from ["src" "dev"]...
[31mCompiling "resources/public/js/app.js" failed.[0m
clojure.lang.Compiler$CompilerException: java.lang.Exception: Unsupported binding form: (fn [req] (with-channel req channel (on-close channel (fn [status] (println "channel closed"))) (on-receive channel (fn [data] (send! channel data))))), compiling:(\p3r50na\apps\bookof5rinds\core.clj:27:5)
 at clojure.lang.Compiler.analyzeSeq (Compiler.java:6730)
    clojure.lang.Compiler.analyze (Compiler.java:6524)
    clojure.lang.Compiler.analyzeSeq (Compiler.java:6711)
    clojure.lang.Compiler.analyze (Compiler.java:6524)
    clojure.lang.Compiler.analyze (Compiler.java:6485)
    clojure.lang.Compiler$BodyExpr$Parser.parse (Compiler.java:5861)
    clojure.lang.Compiler$FnMethod.parse (Compiler.java:5296)
    clojure.lang.Compiler$FnExpr.parse (Compiler.java:3925)
    clojure.lang.Compiler.analyzeSeq (Compiler.java:6721)
    clojure.lang.Compiler.analyze (Compiler.java:6524)
    clojure.lang.Compiler.analyzeSeq (Compiler.java:6711)
    clojure.lang.Compiler.analyze (Compiler.java:6524)
    clojure.lang.Compiler.analyze (Compiler.java:6485)
    clojure.lang.Compiler$InvokeExpr.parse (Compiler.java:3791)
    clojure.lang.Compiler.analyzeSeq (Compiler.java:6725)
    clojure.lang.Compiler.analyze (Compiler.java:6524)
    clojure.lang.Compiler.analyzeSeq (Compiler.java:6711)
    clojure.lang.Compiler.analyze (Compiler.java:6524)
    clojure.lang.Compiler.analyze (Compiler.java:6485)
    clojure.lang.Compiler$InvokeExpr.parse (Compiler.java:3791)
    clojure.lang.Compiler.analyzeSeq (Compiler.java:6725)
    clojure.lang.Compiler.analyze (Compiler.java:6524)
    clojure.lang.Compiler.analyze (Compiler.java:6485)
    clojure.lang.Compiler$BodyExpr$Parser.parse (Compiler.java:5861)
    clojure.lang.Compiler$FnMethod.parse (Compiler.java:5296)
    clojure.lang.Compiler$FnExpr.parse (Compiler.java:3925)
    clojure.lang.Compiler.analyzeSeq (Compiler.java:6721)
    clojure.lang.Compiler.analyze (Compiler.java:6524)
    clojure.lang.Compiler.analyzeSeq (Compiler.java:6711)
    clojure.lang.Compiler.analyze (Compiler.java:6524)
[0mCompiling "resources/public/js/app.js" from ["src" "dev"]...
[32mSuccessfully compiled "resources/public/js/app.js" in 0.14 seconds.[0m
[0mCompiling "resources/public/js/app.js" from ["src" "dev"]...
[32mSuccessfully compiled "resources/public/js/app.js" in 0.14 seconds.[0m
notifying browser that file changed:  resources/public/js/out/cljs_deps.js
notifying browser that file changed:  \p3r50na\apps\bookof5rinds\client.js
[0mCompiling "resources/public/js/app.js" from ["src" "dev"]...
[31mCompiling "resources/public/js/app.js" failed.[0m
ERROR: EOF while reading, starting at line 25 and column 1 on file C:\cygwin64\progg\p3r50na\src\p3r50na\apps\bookof5rinds\client.cljs, line 48, column 1
[0mCompiling "resources/public/js/app.js" from ["src" "dev"]...
[32mSuccessfully compiled "resources/public/js/app.js" in 0.158 seconds.[0m
notifying browser that file changed:  \p3r50na\apps\bookof5rinds\client.js
